<?xml version="1.0" encoding="UTF-8"?>
<robot generator="Robot 6.1.1 (Python 3.12.2 on win32)" generated="20240528 17:01:50.867" rpa="false" schemaversion="4">
<suite id="s1" name="robot-API" source="C:\mb_robotizando\robot-API">
<suite id="s1-s1" name="Tests" source="C:\mb_robotizando\robot-API\Tests">
<suite id="s1-s1-s1" name="S01 API" source="C:\mb_robotizando\robot-API\Tests\S01_API.robot">
<test id="s1-s1-s1-t1" name="CT03: Realizar uma requisição PUT alterando job do usuário" line="22">
<kw name="Dado que estou conectado na API" library="API_Resource">
<arg>users/2</arg>
<kw name="Create Session" library="RequestsLibrary">
<var>${ALIAS}</var>
<arg>alias=lista_users</arg>
<arg>url=${URL}/${FINAL_ENDPOINT}</arg>
<doc>Create Session: create a HTTP session to a server</doc>
<msg timestamp="20240528 17:01:51.909" level="INFO">Creating Session using : alias=lista_users, url=https://reqres.in/api/users/2, headers={},                     cookies={}, auth=None, timeout=None, proxies=None, verify=False,                     debug=0 </msg>
<msg timestamp="20240528 17:01:51.909" level="INFO">${ALIAS} = &lt;requests.sessions.Session object at 0x0000022BA5B49D30&gt;</msg>
<status status="PASS" starttime="20240528 17:01:51.909" endtime="20240528 17:01:51.909"/>
</kw>
<kw name="Session Exists" library="RequestsLibrary">
<arg>alias=lista_users</arg>
<doc>Return True if the session has been already created</doc>
<status status="PASS" starttime="20240528 17:01:51.909" endtime="20240528 17:01:51.909"/>
</kw>
<status status="PASS" starttime="20240528 17:01:51.908" endtime="20240528 17:01:51.910"/>
</kw>
<kw name="Quando envio a requisição para alterar job do usuário" library="API_Resource">
<kw name="Create Dictionary" library="BuiltIn">
<var>${DADOS}</var>
<arg>name=Mirian</arg>
<arg>job=Tester</arg>
<doc>Creates and returns a dictionary based on the given ``items``.</doc>
<msg timestamp="20240528 17:01:51.910" level="INFO">${DADOS} = {'name': 'Mirian', 'job': 'Tester'}</msg>
<status status="PASS" starttime="20240528 17:01:51.910" endtime="20240528 17:01:51.910"/>
</kw>
<kw name="PUT" library="RequestsLibrary">
<var>${RESPONSE}</var>
<arg>${URL}/users/5/${DADOS}</arg>
<doc>Sends a PUT request.</doc>
<msg timestamp="20240528 17:01:52.388" level="INFO">PUT Request : url=https://reqres.in/api/users/5/%7B'name':%20'Mirian',%20'job':%20'Tester'%7D 
 path_url=/api/users/5/%7B'name':%20'Mirian',%20'job':%20'Tester'%7D 
 headers={'User-Agent': 'python-requests/2.32.2', 'Accept-Encoding': 'gzip, deflate', 'Accept': '*/*', 'Connection': 'keep-alive', 'Content-Length': '0'} 
 body=None 
 </msg>
<msg timestamp="20240528 17:01:52.388" level="INFO">PUT Response : url=https://reqres.in/api/users/5/%7B'name':%20'Mirian',%20'job':%20'Tester'%7D 
 status=200, reason=OK 
 headers={'Date': 'Tue, 28 May 2024 20:01:50 GMT', 'Content-Type': 'application/json; charset=utf-8', 'Content-Length': '40', 'Connection': 'keep-alive', 'Report-To': '{"group":"heroku-nel","max_age":3600,"endpoints":[{"url":"https://nel.heroku.com/reports?ts=1716926510&amp;sid=c4c9725f-1ab0-44d8-820f-430df2718e11&amp;s=t7ZNa7yd2Lm3ux6zEgbqkfrVlDJ87aAiDe4qA1oHsjI%3D"}]}', 'Reporting-Endpoints': 'heroku-nel=https://nel.heroku.com/reports?ts=1716926510&amp;sid=c4c9725f-1ab0-44d8-820f-430df2718e11&amp;s=t7ZNa7yd2Lm3ux6zEgbqkfrVlDJ87aAiDe4qA1oHsjI%3D', 'Nel': '{"report_to":"heroku-nel","max_age":3600,"success_fraction":0.005,"failure_fraction":0.05,"response_headers":["Via"]}', 'X-Powered-By': 'Express', 'Access-Control-Allow-Origin': '*', 'Etag': 'W/"28-4dD95Sm/0XdEpOC2P75oMtKY4s0"', 'Via': '1.1 vegur', 'CF-Cache-Status': 'DYNAMIC', 'Vary': 'Accept-Encoding', 'Server': 'cloudflare', 'CF-RAY': '88b0d6c0ecd5a4c2-GRU'} 
 body={"updatedAt":"2024-05-28T20:01:50.539Z"} 
 </msg>
<msg timestamp="20240528 17:01:52.389" level="INFO">${RESPONSE} = &lt;Response [200]&gt;</msg>
<status status="PASS" starttime="20240528 17:01:51.910" endtime="20240528 17:01:52.389"/>
</kw>
<status status="PASS" starttime="20240528 17:01:51.910" endtime="20240528 17:01:52.389"/>
</kw>
<kw name="Então a requisição deve ocorrer com sucesso" library="API_Resource">
<arg>200</arg>
<kw name="Status Should Be" library="RequestsLibrary">
<arg>${status_code}</arg>
<doc>Fails if response status code is different than the expected.</doc>
<status status="PASS" starttime="20240528 17:01:52.389" endtime="20240528 17:01:52.390"/>
</kw>
<status status="PASS" starttime="20240528 17:01:52.389" endtime="20240528 17:01:52.390"/>
</kw>
<doc>CARD - XXXX</doc>
<tag>S01CT04</tag>
<status status="PASS" starttime="20240528 17:01:51.908" endtime="20240528 17:01:52.390"/>
</test>
<doc>Suite de testes de API do site https://reqres.in/api</doc>
<status status="PASS" starttime="20240528 17:01:50.906" endtime="20240528 17:01:52.391"/>
</suite>
<status status="PASS" starttime="20240528 17:01:50.901" endtime="20240528 17:01:52.394"/>
</suite>
<status status="PASS" starttime="20240528 17:01:50.871" endtime="20240528 17:01:52.395"/>
</suite>
<statistics>
<total>
<stat pass="1" fail="0" skip="0">All Tests</stat>
</total>
<tag>
<stat pass="1" fail="0" skip="0">S01CT04</stat>
</tag>
<suite>
<stat pass="1" fail="0" skip="0" id="s1" name="robot-API">robot-API</stat>
<stat pass="1" fail="0" skip="0" id="s1-s1" name="Tests">robot-API.Tests</stat>
<stat pass="1" fail="0" skip="0" id="s1-s1-s1" name="S01 API">robot-API.Tests.S01 API</stat>
</suite>
</statistics>
<errors>
</errors>
</robot>
